-------------------- Log Start | Sat Mar 29 11:47:12 2025 --------------------
data_path: /home/om/printer_data
is_default_data_path: False
config_file: /home/om/printer_data/config/moonraker.conf
startup_warnings: []
verbose: False
debug: False
asyncio_debug: False
is_backup_config: False
is_python_package: True
instance_uuid: 3060fe1b3f574a95a5a343c6fc66396c
unix_socket_path: /home/om/printer_data/comms/moonraker.sock
software_version: v0.8.0-268-ga23187b
git_branch: master
git_remote: origin
git_repo_url: https://github.com/Arksine/moonraker.git
modified_files: []
unofficial_components: []
log_file: /home/om/printer_data/logs/moonraker.log
python_version: 3.9.2 (default, Feb 28 2021, 17:03:44)  [GCC 10.2.1 20210110]
launch_args: /home/om/moonraker-env/bin/python /home/om/moonraker/moonraker/__main__.py
msgspec_enabled: False
uvloop_enabled: False

#################### Moonraker Configuration ####################

[server]
host = 0.0.0.0
port = 7125
max_upload_size = 1024
klippy_uds_address = ~/printer_data/comms/klippy.sock

[file_manager]
enable_object_processing = False

[authorization]
cors_domains = 
	https://my.mainsail.xyz
	http://my.mainsail.xyz
	http://*.local
	http://*.lan
trusted_clients = 
	10.0.0.0/8
	127.0.0.0/8
	169.254.0.0/16
	172.16.0.0/12
	192.168.0.0/16
	FE80::/10
	::1/128

[octoprint_compat]

[history]

[announcements]
subscriptions = 
	mainsail

#################################################################
All Configuration Files:
/home/om/printer_data/config/moonraker.conf
#################################################################

Database Versions: pylmdb = 1.4.1, lmdb = (0, 9, 29)
Unsafe Shutdown Count: 63

System Info:

***python***
  version: (3, 9, 2, 'final', 0)
  version_string: 3.9.2 (default, Feb 28 2021, 17:03:44)  [GCC 10.2.1 20210110]

***cpu_info***
  cpu_count: 4
  bits: 64bit
  processor: aarch64
  cpu_desc: 
  serial_number: 10000000f1b1a7a1
  hardware_desc: BCM2835
  model: Raspberry Pi 4 Model B Rev 1.5
  total_memory: 1713720
  memory_units: kB

***sd_info***
  manufacturer_id: 03
  manufacturer: Sandisk
  oem_id: 5344
  product_name: SK32G
  product_revision: 8.5
  serial_number: 83e73683
  manufacturer_date: 6/2024
  capacity: 29.7 GiB
  total_bytes: 31914983424

***distribution***
  name: Debian GNU/Linux 11 (bullseye)
  id: debian
  version: 11
  version_parts: {'major': '11', 'minor': '', 'build_number': ''}
  like: 
  codename: bullseye
  release_info: {'name': 'MainsailOS', 'version_id': '1.3.2', 'codename': 'bullseye', 'id': 'mainsailos'}

***virtualization***
  virt_type: none
  virt_identifier: none

***network***

***canbus***

***Allowed Services***
  klipper_mcu
  webcamd
  MoonCord
  KlipperScreen
  moonraker-telegram-bot
  moonraker-obico
  sonar
  crowsnest
  octoeverywhere
  ratos-configurator

Systemd unit moonraker.service:
unit_name: moonraker.service
is_default: True
manager: systemd
Properties:
**Requires=['sysinit.target', 'system.slice', 'network-online.target']
**After=['systemd-journald.socket', 'sysinit.target', 'basic.target', 'system.slice', 'klipper.service', 'network-online.target']
**SupplementaryGroups=['moonraker-admin']
**EnvironmentFiles=/home/om/printer_data/systemd/moonraker.env
**ExecStart=/home/om/moonraker-env/bin/python $MOONRAKER_ARGS
**WorkingDirectory=
**FragmentPath=/etc/systemd/system/moonraker.service
**Description=API Server for Klipper SV1
**User=om

Systemd unit klipper.service:
unit_name: klipper.service
is_default: True
manager: systemd
Properties:
**Requires=['-.mount', 'sysinit.target', 'system.slice']
**After=['klipper-mcu.service', 'systemd-journald.socket', 'network-online.target', 'system.slice', '-.mount', 'basic.target', 'sysinit.target']
**SupplementaryGroups=[]
**EnvironmentFiles=/home/om/printer_data/systemd/klipper.env
**ExecStart=/home/om/klippy-env/bin/python $KLIPPER_ARGS
**WorkingDirectory=/home/om/klipper
**FragmentPath=/etc/systemd/system/klipper.service
**Description=Klipper 3D Printer Firmware SV1
**User=om
Klipper Version: v0.12.0-85-gd785b396a-dirty
2025-03-29 17:17:11,633 [shell_command.py:pipe_data_received()] - INFO:metadata:Object Processing is disabled

2025-03-29 17:17:11,791 [shell_command.py:_check_proc_success()] - Command (/home/om/moonraker-env/bin/python /home/om/moonraker/moonraker/components/file_manager/metadata.py -p /home/om/printer_data/gcodes -f "CFFFP_AdiYogiMQOR-new.gcode") successfully finished
2025-03-29 17:17:11,995 [shell_command.py:pipe_data_received()] - INFO:metadata:Object Processing is disabled

2025-03-29 17:17:12,159 [shell_command.py:_check_proc_success()] - Command (/home/om/moonraker-env/bin/python /home/om/moonraker/moonraker/components/file_manager/metadata.py -p /home/om/printer_data/gcodes -f "ROTARY900.gcode") successfully finished
2025-03-29 17:17:12,372 [shell_command.py:pipe_data_received()] - INFO:metadata:Object Processing is disabled

2025-03-29 17:17:12,528 [shell_command.py:_check_proc_success()] - Command (/home/om/moonraker-env/bin/python /home/om/moonraker/moonraker/components/file_manager/metadata.py -p /home/om/printer_data/gcodes -f "14.2.25.Rotory R L 350 L335 50L1.gcode") successfully finished
2025-03-29 17:17:12,741 [shell_command.py:pipe_data_received()] - INFO:metadata:Object Processing is disabled

2025-03-29 17:17:12,915 [shell_command.py:_check_proc_success()] - Command (/home/om/moonraker-env/bin/python /home/om/moonraker/moonraker/components/file_manager/metadata.py -p /home/om/printer_data/gcodes -f "CFFFP_MINI CHAF WEEDER CASE BOX- C.gcode") successfully finished
